<?xml version="1.0" encoding="UTF-8"?>
<!-- Generated by org.testng.reporters.JUnitReportReporter -->
<testsuite hostname="LAPTOP-OCBKLDP8" failures="0" tests="2" name="pack1.TC1" time="0.004" errors="0" timestamp="2021-12-05T10:21:56 EST" skipped="0">
  <testcase classname="pack1.TC1" name="m1" time="0.003"/>
  <system-out/>
  <testcase classname="pack1.TC1" name="m2" time="0.001"/>
  <system-out/>
</testsuite> <!-- pack1.TC1 -->
