<?xml version="1.0" encoding="UTF-8"?>
<!-- Generated by org.testng.reporters.JUnitReportReporter -->
<testsuite hostname="LAPTOP-OCBKLDP8" failures="0" tests="5" name="testNG.DisableTestMethod" time="0.010" errors="0" timestamp="2021-12-05T19:38:15 EST" skipped="2">
  <testcase classname="testNG.DisableTestMethod" name="openUrl" time="0.008"/>
  <system-out/>
  <testcase classname="testNG.DisableTestMethod" name="login" time="0.001"/>
  <system-out/>
  <testcase classname="testNG.DisableTestMethod" name="logout" time="0.001"/>
  <system-out/>
  <testcase classname="testNG.DisableTestMethod" name="advanceSreach">
    <skipped/>
  </testcase> <!-- advanceSreach -->
  <system-out/>
  <testcase classname="testNG.DisableTestMethod" name="search">
    <skipped/>
  </testcase> <!-- search -->
  <system-out/>
</testsuite> <!-- testNG.DisableTestMethod -->
