<?xml version="1.0" encoding="UTF-8"?>
<!-- Generated by org.testng.reporters.JUnitReportReporter -->
<testsuite hostname="LAPTOP-OCBKLDP8" failures="0" tests="3" name="testNG.AnnotationTestNG" time="0.008" errors="0" timestamp="2021-12-05T09:54:36 EST" skipped="0">
  <testcase classname="testNG.AnnotationTestNG" name="search" time="0.004"/>
  <system-out/>
  <testcase classname="testNG.AnnotationTestNG" name="advsearch" time="0.004"/>
  <system-out/>
  <testcase classname="testNG.AnnotationTestNG" name="recharge" time="0.000"/>
  <system-out/>
</testsuite> <!-- testNG.AnnotationTestNG -->
