<?xml version="1.0" encoding="UTF-8"?>
<!-- Generated by org.testng.reporters.JUnitReportReporter -->
<testsuite hostname="LAPTOP-OCBKLDP8" failures="0" tests="3" name="testNG.FirstTestCase" time="0.008" errors="0" timestamp="2021-12-05T10:17:34 EST" skipped="0">
  <testcase classname="testNG.FirstTestCase" name="openURL" time="0.006"/>
  <system-out/>
  <testcase classname="testNG.FirstTestCase" name="logIn" time="0.001"/>
  <system-out/>
  <testcase classname="testNG.FirstTestCase" name="logOut" time="0.001"/>
  <system-out/>
</testsuite> <!-- testNG.FirstTestCase -->
