<?xml version="1.0" encoding="UTF-8"?>
<!-- Generated by org.testng.reporters.JUnitReportReporter -->
<testsuite hostname="LAPTOP-OCBKLDP8" failures="0" tests="2" name="parameterization.Test1" time="0.010" errors="0" timestamp="2021-12-05T19:56:52 EST" skipped="0">
  <testcase classname="parameterization.Test1" name="m2" time="0.001"/>
  <system-out/>
  <testcase classname="parameterization.Test1" name="m1" time="0.009"/>
  <system-out/>
</testsuite> <!-- parameterization.Test1 -->
