<?xml version="1.0" encoding="UTF-8"?>
<!-- Generated by org.testng.reporters.JUnitReportReporter -->
<testsuite hostname="LAPTOP-OCBKLDP8" failures="0" tests="3" name="pack1.TC2" time="0.001" errors="0" timestamp="2021-12-05T10:21:56 EST" skipped="0">
  <testcase classname="pack1.TC2" name="m3" time="0.000"/>
  <system-out/>
  <testcase classname="pack1.TC2" name="m5" time="0.000"/>
  <system-out/>
  <testcase classname="pack1.TC2" name="m4" time="0.001"/>
  <system-out/>
</testsuite> <!-- pack1.TC2 -->
