<?xml version="1.0" encoding="UTF-8"?>
<!-- Generated by org.testng.reporters.JUnitReportReporter -->
<testsuite hostname="LAPTOP-OCBKLDP8" failures="0" tests="3" name="testNG.SecondTestCase" time="0.005" errors="0" timestamp="2021-12-05T09:59:17 EST" skipped="0">
  <testcase classname="testNG.SecondTestCase" name="search" time="0.004"/>
  <system-out/>
  <testcase classname="testNG.SecondTestCase" name="advsearch" time="0.001"/>
  <system-out/>
  <testcase classname="testNG.SecondTestCase" name="recharge" time="0.000"/>
  <system-out/>
</testsuite> <!-- testNG.SecondTestCase -->
