<?xml version="1.0" encoding="UTF-8"?>
<!-- Generated by org.testng.reporters.JUnitReportReporter -->
<testsuite hostname="LAPTOP-OCBKLDP8" failures="0" tests="1" name="web_automation.Contact_us" time="16.450" errors="0" timestamp="2021-12-21T18:13:27 EST" skipped="0">
  <testcase classname="web_automation.Contact_us" name="contactUs" time="16.450"/>
  <system-out/>
</testsuite> <!-- web_automation.Contact_us -->
