<?xml version="1.0" encoding="UTF-8"?>
<!-- Generated by org.testng.reporters.JUnitReportReporter -->
<testsuite hostname="LAPTOP-OCBKLDP8" failures="0" tests="1" name="web_automation.Add_Item_To_Cart" time="13.993" errors="0" timestamp="2021-12-21T13:27:30 EST" skipped="0">
  <testcase classname="web_automation.Add_Item_To_Cart" name="addItemInCart" time="13.993"/>
  <system-out/>
</testsuite> <!-- web_automation.Add_Item_To_Cart -->
