<?xml version="1.0" encoding="UTF-8"?>
<!-- Generated by org.testng.reporters.JUnitReportReporter -->
<testsuite hostname="LAPTOP-OCBKLDP8" failures="0" tests="1" name="web_automation.Return_HomePage" time="20.978" errors="0" timestamp="2021-12-21T13:20:26 EST" skipped="0">
  <testcase classname="web_automation.Return_HomePage" name="contactUs" time="20.978"/>
  <system-out/>
</testsuite> <!-- web_automation.Return_HomePage -->
