<?xml version="1.0" encoding="UTF-8"?>
<!-- Generated by org.testng.reporters.JUnitReportReporter -->
<testsuite hostname="LAPTOP-OCBKLDP8" failures="0" tests="1" name="dailysales_automation.Add_Item_To_Cart" time="15.460" errors="0" timestamp="2021-12-13T14:10:50 EST" skipped="0">
  <testcase classname="dailysales_automation.Add_Item_To_Cart" name="addItemInCart" time="15.460"/>
  <system-out/>
</testsuite> <!-- dailysales_automation.Add_Item_To_Cart -->
