<?xml version="1.0" encoding="UTF-8"?>
<!-- Generated by org.testng.reporters.JUnitReportReporter -->
<testsuite hostname="LAPTOP-OCBKLDP8" failures="0" tests="1" name="americanexpress.HelloTest" time="0.007" errors="0" timestamp="2021-12-22T17:24:26 EST" skipped="0">
  <testcase classname="americanexpress.HelloTest" name="testDisplay" time="0.007"/>
  <system-out/>
</testsuite> <!-- americanexpress.HelloTest -->
