<?xml version="1.0" encoding="UTF-8"?>
<!-- Generated by org.testng.reporters.JUnitReportReporter -->
<testsuite hostname="LAPTOP-OCBKLDP8" failures="0" tests="1" name="americanexpress.Hello" time="0.005" errors="0" timestamp="2021-12-22T17:21:53 EST" skipped="0">
  <testcase classname="americanexpress.Hello" name="display" time="0.005"/>
  <system-out/>
</testsuite> <!-- americanexpress.Hello -->
