<?xml version="1.0" encoding="UTF-8"?>
<!-- Generated by org.testng.reporters.JUnitReportReporter -->
<testsuite hostname="LAPTOP-OCBKLDP8" failures="0" tests="1" name="signUpPageTest.SignUpPageTest" time="18.738" errors="0" timestamp="2022-01-05T11:13:31 EST" skipped="0">
  <testcase classname="signUpPageTest.SignUpPageTest" name="testSignUp" time="18.738"/>
  <system-out/>
</testsuite> <!-- signUpPageTest.SignUpPageTest -->
